#
# There is insufficient memory for the Java Runtime Environment to continue.
# Native memory allocation (malloc) failed to allocate 1201136 bytes for Chunk::new
# Possible reasons:
#   The system is out of physical RAM or swap space
#   The process is running with CompressedOops enabled, and the Java Heap may be blocking the growth of the native heap
# Possible solutions:
#   Reduce memory load on the system
#   Increase physical memory or swap space
#   Check if swap backing store is full
#   Decrease Java heap size (-Xmx/-Xms)
#   Decrease number of Java threads
#   Decrease Java thread stack sizes (-Xss)
#   Set larger code cache with -XX:ReservedCodeCacheSize=
#   JVM is running with Unscaled Compressed Oops mode in which the Java heap is
#     placed in the first 4GB address space. The Java Heap base address is the
#     maximum limit for the native heap growth. Please use -XX:HeapBaseMinAddress
#     to set the Java Heap base and to place the Java Heap above 4GB virtual address.
# This output file may be truncated or incomplete.
#
#  Out of Memory Error (allocation.cpp:389), pid=233900, tid=0x0000000000037c48
#
# JRE version: OpenJDK Runtime Environment (8.0_202-b03) (build 1.8.0_202-release-1483-b03)
# Java VM: OpenJDK 64-Bit Server VM (25.202-b03 mixed mode windows-amd64 compressed oops)
# Failed to write core dump. Minidumps are not enabled by default on client versions of Windows
#

---------------  T H R E A D  ---------------

Current thread (0x0000000015f6d800):  JavaThread "C2 CompilerThread0" daemon [_thread_in_native, id=228424, stack(0x0000000017930000,0x0000000017a30000)]

Stack: [0x0000000017930000,0x0000000017a30000]
[error occurred during error reporting (printing stack bounds), id 0xc0000005]

Native frames: (J=compiled Java code, j=interpreted, Vv=VM code, C=native code)


Current CompileTask:
C2:4584452 15725       4       com.android.utils.XmlUtils::append (639 bytes)


---------------  P R O C E S S  ---------------

Java Threads: ( => current thread )
  0x000000001bc47800 JavaThread "MarlinRenderer Disposer" daemon [_thread_blocked, id=238628, stack(0x000000002bc00000,0x000000002bd00000)]
  0x000000001bc46800 JavaThread "Java2D Disposer" daemon [_thread_blocked, id=238004, stack(0x000000002bb00000,0x000000002bc00000)]
  0x000000001bc44800 JavaThread "WorkerExecutor Queue Thread 4" [_thread_in_native, id=239300, stack(0x000000002b800000,0x000000002b900000)]
  0x000000001bc48000 JavaThread "WorkerExecutor Queue Thread 3" [_thread_in_native, id=52740, stack(0x000000002b700000,0x000000002b800000)]
  0x000000001bc43800 JavaThread "WorkerExecutor Queue Thread 2" [_thread_in_native, id=17192, stack(0x000000002b600000,0x000000002b700000)]
  0x0000000017342800 JavaThread "WorkerExecutor Queue" [_thread_in_native, id=238748, stack(0x000000002b500000,0x000000002b600000)]
  0x000000001a4bc800 JavaThread "Cache worker for execution history cache (G:\android\ebook\.gradle\5.4.1\executionHistory)" [_thread_blocked, id=239376, stack(0x000000002b400000,0x000000002b500000)]
  0x000000001a4b5000 JavaThread "Execution worker for ':' Thread 3" [_thread_blocked, id=237752, stack(0x000000002b300000,0x000000002b400000)]
  0x000000001a4b4000 JavaThread "Execution worker for ':' Thread 2" [_thread_in_native, id=239036, stack(0x000000002b200000,0x000000002b300000)]
  0x000000001a4ba000 JavaThread "Execution worker for ':'" [_thread_blocked, id=239028, stack(0x000000002b100000,0x000000002b200000)]
  0x000000001a4b8000 JavaThread "Cache worker for file content cache (G:\android\ebook\.gradle\5.4.1\fileContent)" [_thread_blocked, id=239204, stack(0x000000002b000000,0x000000002b100000)]
  0x000000001a4b8800 JavaThread "Cache worker for Build Output Cleanup Cache (G:\android\ebook\.gradle\buildOutputCleanup)" [_thread_blocked, id=239476, stack(0x000000002af00000,0x000000002b000000)]
  0x000000001a4b0800 JavaThread "Build operations Thread 4" [_thread_blocked, id=237732, stack(0x000000002ae00000,0x000000002af00000)]
  0x000000001a4b3800 JavaThread "Build operations Thread 3" [_thread_blocked, id=239552, stack(0x000000002ad00000,0x000000002ae00000)]
  0x0000000018668800 JavaThread "Build operations Thread 2" [_thread_blocked, id=238532, stack(0x000000002ac00000,0x000000002ad00000)]
  0x000000001866a800 JavaThread "Build operations" [_thread_blocked, id=235644, stack(0x000000002ab00000,0x000000002ac00000)]
  0x0000000018667800 JavaThread "Cache worker for cache directory md-rule (C:\Users\Administrator\.gradle\caches\5.4.1\md-rule)" [_thread_blocked, id=237424, stack(0x000000002aa00000,0x000000002ab00000)]
  0x0000000018667000 JavaThread "Cache worker for cache directory md-supplier (C:\Users\Administrator\.gradle\caches\5.4.1\md-supplier)" [_thread_blocked, id=239416, stack(0x000000002a900000,0x000000002aa00000)]
  0x0000000018663000 JavaThread "Cache worker for file hash cache (G:\android\ebook\.gradle\5.4.1\fileHashes)" [_thread_blocked, id=238776, stack(0x000000002a800000,0x000000002a900000)]
  0x0000000018664800 JavaThread "Thread-62" [_thread_blocked, id=238476, stack(0x000000002a700000,0x000000002a800000)]
  0x0000000018666000 JavaThread "Stdin handler" [_thread_blocked, id=239156, stack(0x000000002a600000,0x000000002a700000)]
  0x000000001866a000 JavaThread "Asynchronous log dispatcher for DefaultDaemonConnection: socket connection from /127.0.0.1:62578 to /127.0.0.1:57848" [_thread_blocked, id=235300, stack(0x000000002a500000,0x000000002a600000)]
  0x000000001865b800 JavaThread "Cancel handler" [_thread_blocked, id=238632, stack(0x000000002a400000,0x000000002a500000)]
  0x0000000018661000 JavaThread "Handler for socket connection from /127.0.0.1:62578 to /127.0.0.1:57848" [_thread_in_native, id=238988, stack(0x000000002a300000,0x000000002a400000)]
  0x0000000018669000 JavaThread "Daemon worker Thread 2" [_thread_blocked, id=237716, stack(0x0000000028900000,0x0000000028a00000)]
  0x0000000018660000 JavaThread "Daemon Thread 2" [_thread_blocked, id=238876, stack(0x0000000028600000,0x0000000028700000)]
  0x000000001865c800 JavaThread "Cache worker for Java compile cache (C:\Users\Administrator\.gradle\caches\5.4.1\javaCompile)" [_thread_blocked, id=234068, stack(0x0000000024850000,0x0000000024950000)]
  0x0000000018662800 JavaThread "RMI Reaper" [_thread_blocked, id=218596, stack(0x0000000023f00000,0x0000000024000000)]
  0x000000001865e800 JavaThread "RMI TCP Accept-0" daemon [_thread_in_native, id=234004, stack(0x0000000023e00000,0x0000000023f00000)]
  0x0000000018661800 JavaThread "GC Daemon" daemon [_thread_blocked, id=218676, stack(0x0000000023d00000,0x0000000023e00000)]
  0x000000001865f800 JavaThread "RMI Scheduler(0)" daemon [_thread_blocked, id=233988, stack(0x0000000023b00000,0x0000000023c00000)]
  0x000000001a4b9800 JavaThread "Cache worker for file content cache (C:\Users\Administrator\.gradle\caches\5.4.1\fileContent)" [_thread_blocked, id=233592, stack(0x00000000219a0000,0x0000000021aa0000)]
  0x000000001a4bb000 JavaThread "Memory manager" [_thread_blocked, id=233716, stack(0x00000000218a0000,0x00000000219a0000)]
  0x000000001a4b2800 JavaThread "Cache worker for execution history cache (C:\Users\Administrator\.gradle\caches\5.4.1\executionHistory)" [_thread_blocked, id=233504, stack(0x0000000020030000,0x0000000020130000)]
  0x0000000017347000 JavaThread "Cache worker for journal cache (C:\Users\Administrator\.gradle\caches\journal-1)" [_thread_blocked, id=233920, stack(0x000000001b850000,0x000000001b950000)]
  0x0000000017345800 JavaThread "File lock request listener" [_thread_in_native, id=233480, stack(0x000000001b750000,0x000000001b850000)]
  0x0000000017345000 JavaThread "Cache worker for file hash cache (C:\Users\Administrator\.gradle\caches\5.4.1\fileHashes)" [_thread_blocked, id=234048, stack(0x000000001b650000,0x000000001b750000)]
  0x0000000019106000 JavaThread "Daemon periodic checks" [_thread_blocked, id=231872, stack(0x000000001aa50000,0x000000001ab50000)]
  0x0000000018bb4000 JavaThread "Incoming local TCP Connector on port 62578" [_thread_in_native, id=234372, stack(0x000000001a8f0000,0x000000001a9f0000)]
  0x00000000190d8000 JavaThread "Daemon health stats" [_thread_blocked, id=177164, stack(0x000000001a5d0000,0x000000001a6d0000)]
  0x0000000015fbe000 JavaThread "Service Thread" daemon [_thread_blocked, id=233812, stack(0x0000000017c30000,0x0000000017d30000)]
  0x0000000017346800 JavaThread "C1 CompilerThread2" daemon [_thread_blocked, id=233904, stack(0x0000000017b30000,0x0000000017c30000)]
  0x0000000017348000 JavaThread "C2 CompilerThread1" daemon [_thread_in_native, id=233680, stack(0x0000000017a30000,0x0000000017b30000)]
=>0x0000000015f6d800 JavaThread "C2 CompilerThread0" daemon [_thread_in_native, id=228424, stack(0x0000000017930000,0x0000000017a30000)]
  0x0000000015f6c000 JavaThread "Attach Listener" daemon [_thread_blocked, id=233028, stack(0x0000000017830000,0x0000000017930000)]
  0x0000000017340800 JavaThread "Signal Dispatcher" daemon [_thread_blocked, id=233836, stack(0x0000000017730000,0x0000000017830000)]
  0x00000000025c9800 JavaThread "Finalizer" daemon [_thread_blocked, id=234304, stack(0x00000000171d0000,0x00000000172d0000)]
  0x00000000025c1000 JavaThread "Reference Handler" daemon [_thread_blocked, id=233688, stack(0x00000000170d0000,0x00000000171d0000)]
  0x0000000000a1e000 JavaThread "main" [_thread_blocked, id=234076, stack(0x0000000000900000,0x0000000000a00000)]

Other Threads:
  0x0000000015f26800 VMThread [stack: 0x0000000016fd0000,0x00000000170d0000] [id=232388]
  0x0000000015fbe800 WatcherThread [stack: 0x0000000017d30000,0x0000000017e30000] [id=234288]

VM state:not at safepoint (normal execution)

VM Mutex/Monitor currently owned by a thread: None

heap address: 0x00000000a0000000, size: 1536 MB, Compressed Oops mode: 32-bit
Narrow klass base: 0x0000000000000000, Narrow klass shift: 3
Compressed class space size: 1073741824 Address: 0x0000000100000000

Heap:
 PSYoungGen      total 270336K, used 63434K [0x00000000e0000000, 0x00000000f4b00000, 0x0000000100000000)
  eden space 213504K, 19% used [0x00000000e0000000,0x00000000e298a280,0x00000000ed080000)
  from space 56832K, 36% used [0x00000000f0700000,0x00000000f1b686c8,0x00000000f3e80000)
  to   space 55808K, 0% used [0x00000000ed080000,0x00000000ed080000,0x00000000f0700000)
 ParOldGen       total 281088K, used 47950K [0x00000000a0000000, 0x00000000b1280000, 0x00000000e0000000)
  object space 281088K, 17% used [0x00000000a0000000,0x00000000a2ed3b10,0x00000000b1280000)
 Metaspace       used 86608K, capacity 89832K, committed 90456K, reserved 1128448K
  class space    used 11387K, capacity 12023K, committed 12160K, reserved 1048576K

Card table byte_map: [0x0000000011990000,0x0000000011ca0000] byte_map_base: 0x0000000011490000

Marking Bits: (ParMarkBitMap*) 0x000000006d739f30
 Begin Bits: [0x00000000122a0000, 0x0000000013aa0000)
 End Bits:   [0x0000000013aa0000, 0x00000000152a0000)

Polling page: 0x00000000001f0000

CodeCache: size=245760Kb used=43511Kb max_used=43633Kb free=202248Kb
 bounds [0x00000000025d0000, 0x00000000050c0000, 0x00000000115d0000]
 total_blobs=13931 nmethods=12960 adapters=883
 compilation: enabled

Compilation events (10 events):
Event: 4584.356 Thread 0x0000000017346800 15857       3       java.awt.image.Raster::createWritableRaster (215 bytes)
Event: 4584.357 Thread 0x0000000017346800 nmethod 15857 0x00000000035f46d0 code [0x00000000035f49a0, 0x00000000035f5dc8]
Event: 4584.358 Thread 0x0000000017346800 15859       3       java.lang.Math::addExact (32 bytes)
Event: 4584.358 Thread 0x0000000017346800 nmethod 15859 0x0000000002b46d50 code [0x0000000002b46ec0, 0x0000000002b47108]
Event: 4584.358 Thread 0x0000000017346800 15860       3       java.io.ObjectStreamClass$FieldReflector::setObjFieldValues (248 bytes)
Event: 4584.360 Thread 0x0000000017346800 nmethod 15860 0x0000000003687090 code [0x0000000003687400, 0x00000000036893d8]
Event: 4584.360 Thread 0x0000000017346800 15861   !   3       org.gradle.internal.io.ClassLoaderObjectInputStream::resolveClass (20 bytes)
Event: 4584.361 Thread 0x0000000017346800 nmethod 15861 0x0000000002b8cd90 code [0x0000000002b8cf00, 0x0000000002b8d138]
Event: 4584.361 Thread 0x0000000017346800 15862       3       java.io.ObjectInputStream$HandleTable$HandleList::<init> (17 bytes)
Event: 4584.361 Thread 0x0000000017346800 nmethod 15862 0x000000000324d610 code [0x000000000324d780, 0x000000000324d9d0]

GC Heap History (10 events):
Event: 1128.856 GC heap before
{Heap before GC invocations=18 (full 3):
 PSYoungGen      total 209408K, used 209405K [0x00000000e0000000, 0x00000000f4480000, 0x0000000100000000)
  eden space 166912K, 100% used [0x00000000e0000000,0x00000000ea300000,0x00000000ea300000)
  from space 42496K, 99% used [0x00000000ee500000,0x00000000f0e7f678,0x00000000f0e80000)
  to   space 67584K, 0% used [0x00000000ea300000,0x00000000ea300000,0x00000000ee500000)
 ParOldGen       total 281088K, used 124362K [0x00000000a0000000, 0x00000000b1280000, 0x00000000e0000000)
  object space 281088K, 44% used [0x00000000a0000000,0x00000000a79728f8,0x00000000b1280000)
 Metaspace       used 82280K, capacity 85726K, committed 86104K, reserved 1124352K
  class space    used 11118K, capacity 11792K, committed 11904K, reserved 1048576K
Event: 1129.038 GC heap after
Heap after GC invocations=18 (full 3):
 PSYoungGen      total 234496K, used 27685K [0x00000000e0000000, 0x00000000f4580000, 0x0000000100000000)
  eden space 166912K, 0% used [0x00000000e0000000,0x00000000e0000000,0x00000000ea300000)
  from space 67584K, 40% used [0x00000000ea300000,0x00000000ebe09720,0x00000000ee500000)
  to   space 64000K, 0% used [0x00000000f0700000,0x00000000f0700000,0x00000000f4580000)
 ParOldGen       total 281088K, used 139705K [0x00000000a0000000, 0x00000000b1280000, 0x00000000e0000000)
  object space 281088K, 49% used [0x00000000a0000000,0x00000000a886e5a0,0x00000000b1280000)
 Metaspace       used 82280K, capacity 85726K, committed 86104K, reserved 1124352K
  class space    used 11118K, capacity 11792K, committed 11904K, reserved 1048576K
}
Event: 3614.867 GC heap before
{Heap before GC invocations=19 (full 3):
 PSYoungGen      total 234496K, used 52312K [0x00000000e0000000, 0x00000000f4580000, 0x0000000100000000)
  eden space 166912K, 14% used [0x00000000e0000000,0x00000000e180c8e0,0x00000000ea300000)
  from space 67584K, 40% used [0x00000000ea300000,0x00000000ebe09720,0x00000000ee500000)
  to   space 64000K, 0% used [0x00000000f0700000,0x00000000f0700000,0x00000000f4580000)
 ParOldGen       total 281088K, used 139705K [0x00000000a0000000, 0x00000000b1280000, 0x00000000e0000000)
  object space 281088K, 49% used [0x00000000a0000000,0x00000000a886e5a0,0x00000000b1280000)
 Metaspace       used 82371K, capacity 85790K, committed 86104K, reserved 1124352K
  class space    used 11118K, capacity 11792K, committed 11904K, reserved 1048576K
Event: 3615.024 GC heap after
Heap after GC invocations=19 (full 3):
 PSYoungGen      total 262144K, used 23648K [0x00000000e0000000, 0x00000000f3e80000, 0x0000000100000000)
  eden space 205312K, 0% used [0x00000000e0000000,0x00000000e0000000,0x00000000ec880000)
  from space 56832K, 41% used [0x00000000f0700000,0x00000000f1e18140,0x00000000f3e80000)
  to   space 60416K, 0% used [0x00000000ec880000,0x00000000ec880000,0x00000000f0380000)
 ParOldGen       total 281088K, used 139713K [0x00000000a0000000, 0x00000000b1280000, 0x00000000e0000000)
  object space 281088K, 49% used [0x00000000a0000000,0x00000000a88705a0,0x00000000b1280000)
 Metaspace       used 82371K, capacity 85790K, committed 86104K, reserved 1124352K
  class space    used 11118K, capacity 11792K, committed 11904K, reserved 1048576K
}
Event: 3615.024 GC heap before
{Heap before GC invocations=20 (full 4):
 PSYoungGen      total 262144K, used 23648K [0x00000000e0000000, 0x00000000f3e80000, 0x0000000100000000)
  eden space 205312K, 0% used [0x00000000e0000000,0x00000000e0000000,0x00000000ec880000)
  from space 56832K, 41% used [0x00000000f0700000,0x00000000f1e18140,0x00000000f3e80000)
  to   space 60416K, 0% used [0x00000000ec880000,0x00000000ec880000,0x00000000f0380000)
 ParOldGen       total 281088K, used 139713K [0x00000000a0000000, 0x00000000b1280000, 0x00000000e0000000)
  object space 281088K, 49% used [0x00000000a0000000,0x00000000a88705a0,0x00000000b1280000)
 Metaspace       used 82371K, capacity 85790K, committed 86104K, reserved 1124352K
  class space    used 11118K, capacity 11792K, committed 11904K, reserved 1048576K
Event: 3615.492 GC heap after
Heap after GC invocations=20 (full 4):
 PSYoungGen      total 262144K, used 0K [0x00000000e0000000, 0x00000000f3e80000, 0x0000000100000000)
  eden space 205312K, 0% used [0x00000000e0000000,0x00000000e0000000,0x00000000ec880000)
  from space 56832K, 0% used [0x00000000f0700000,0x00000000f0700000,0x00000000f3e80000)
  to   space 60416K, 0% used [0x00000000ec880000,0x00000000ec880000,0x00000000f0380000)
 ParOldGen       total 281088K, used 47934K [0x00000000a0000000, 0x00000000b1280000, 0x00000000e0000000)
  object space 281088K, 17% used [0x00000000a0000000,0x00000000a2ecfb10,0x00000000b1280000)
 Metaspace       used 81008K, capacity 83664K, committed 86104K, reserved 1124352K
  class space    used 10865K, capacity 11399K, committed 11904K, reserved 1048576K
}
Event: 4561.491 GC heap before
{Heap before GC invocations=21 (full 4):
 PSYoungGen      total 262144K, used 205312K [0x00000000e0000000, 0x00000000f3e80000, 0x0000000100000000)
  eden space 205312K, 100% used [0x00000000e0000000,0x00000000ec880000,0x00000000ec880000)
  from space 56832K, 0% used [0x00000000f0700000,0x00000000f0700000,0x00000000f3e80000)
  to   space 60416K, 0% used [0x00000000ec880000,0x00000000ec880000,0x00000000f0380000)
 ParOldGen       total 281088K, used 47934K [0x00000000a0000000, 0x00000000b1280000, 0x00000000e0000000)
  object space 281088K, 17% used [0x00000000a0000000,0x00000000a2ecfb10,0x00000000b1280000)
 Metaspace       used 83022K, capacity 86018K, committed 87384K, reserved 1124352K
  class space    used 11054K, capacity 11672K, committed 11904K, reserved 1048576K
Event: 4561.528 GC heap after
Heap after GC invocations=21 (full 4):
 PSYoungGen      total 265728K, used 19581K [0x00000000e0000000, 0x00000000f3e80000, 0x0000000100000000)
  eden space 205312K, 0% used [0x00000000e0000000,0x00000000e0000000,0x00000000ec880000)
  from space 60416K, 32% used [0x00000000ec880000,0x00000000edb9f400,0x00000000f0380000)
  to   space 56832K, 0% used [0x00000000f0700000,0x00000000f0700000,0x00000000f3e80000)
 ParOldGen       total 281088K, used 47942K [0x00000000a0000000, 0x00000000b1280000, 0x00000000e0000000)
  object space 281088K, 17% used [0x00000000a0000000,0x00000000a2ed1b10,0x00000000b1280000)
 Metaspace       used 83022K, capacity 86018K, committed 87384K, reserved 1124352K
  class space    used 11054K, capacity 11672K, committed 11904K, reserved 1048576K
}
Event: 4583.288 GC heap before
{Heap before GC invocations=22 (full 4):
 PSYoungGen      total 265728K, used 224893K [0x00000000e0000000, 0x00000000f3e80000, 0x0000000100000000)
  eden space 205312K, 100% used [0x00000000e0000000,0x00000000ec880000,0x00000000ec880000)
  from space 60416K, 32% used [0x00000000ec880000,0x00000000edb9f400,0x00000000f0380000)
  to   space 56832K, 0% used [0x00000000f0700000,0x00000000f0700000,0x00000000f3e80000)
 ParOldGen       total 281088K, used 47942K [0x00000000a0000000, 0x00000000b1280000, 0x00000000e0000000)
  object space 281088K, 17% used [0x00000000a0000000,0x00000000a2ed1b10,0x00000000b1280000)
 Metaspace       used 84079K, capacity 87230K, committed 88152K, reserved 1126400K
  class space    used 11133K, capacity 11774K, committed 11904K, reserved 1048576K
Event: 4583.325 GC heap after
Heap after GC invocations=22 (full 4):
 PSYoungGen      total 270336K, used 20897K [0x00000000e0000000, 0x00000000f4b00000, 0x0000000100000000)
  eden space 213504K, 0% used [0x00000000e0000000,0x00000000e0000000,0x00000000ed080000)
  from space 56832K, 36% used [0x00000000f0700000,0x00000000f1b686c8,0x00000000f3e80000)
  to   space 55808K, 0% used [0x00000000ed080000,0x00000000ed080000,0x00000000f0700000)
 ParOldGen       total 281088K, used 47950K [0x00000000a0000000, 0x00000000b1280000, 0x00000000e0000000)
  object space 281088K, 17% used [0x00000000a0000000,0x00000000a2ed3b10,0x00000000b1280000)
 Metaspace       used 84079K, capacity 87230K, committed 88152K, reserved 1126400K
  class space    used 11133K, capacity 11774K, committed 11904K, reserved 1048576K
}

Deoptimization events (10 events):
Event: 4583.739 Thread 0x000000001a4b4000 Uncommon trap: reason=unstable_if action=reinterpret pc=0x0000000004392ab0 method=java.util.Arrays.sort([Ljava/lang/Object;Ljava/util/Comparator;)V @ 1
Event: 4583.805 Thread 0x000000001a4b4000 Uncommon trap: reason=unstable_if action=reinterpret pc=0x0000000004550860 method=com.sun.org.apache.xerces.internal.dom.NodeImpl.isOwned(Z)V @ 2
Event: 4583.805 Thread 0x000000001a4b4000 Uncommon trap: reason=unstable_if action=reinterpret pc=0x0000000004f38930 method=com.sun.org.apache.xerces.internal.dom.CoreDocumentImpl.setUserData(Lorg/w3c/dom/Node;Ljava/lang/String;Ljava/lang/Object;Lorg/w3c/dom/UserDataHandler;)Ljava/lang/Object; @ 
Event: 4583.819 Thread 0x000000001a4b4000 Uncommon trap: reason=class_check action=maybe_recompile pc=0x0000000004b857a4 method=com.android.ide.common.resources.NodeUtils.processSingleNodeNamespace(Lorg/w3c/dom/Node;Lorg/w3c/dom/Document;)Z @ 100
Event: 4583.830 Thread 0x000000001a4b4000 Uncommon trap: reason=unstable_if action=reinterpret pc=0x0000000004bbce08 method=com.android.utils.XmlUtils.append(Lcom/android/utils/XmlUtils$PositionAwareStringBuilder;Lorg/w3c/dom/Node;Ljava/util/Map;Ljava/util/Set;)V @ 540
Event: 4583.831 Thread 0x000000001a4b4000 Uncommon trap: reason=unstable_if action=reinterpret pc=0x0000000003c111d8 method=java.io.File.equals(Ljava/lang/Object;)Z @ 1
Event: 4583.917 Thread 0x000000001a4b4000 Uncommon trap: reason=unstable_if action=reinterpret pc=0x0000000004bbce08 method=com.android.utils.XmlUtils.append(Lcom/android/utils/XmlUtils$PositionAwareStringBuilder;Lorg/w3c/dom/Node;Ljava/util/Map;Ljava/util/Set;)V @ 540
Event: 4583.980 Thread 0x000000001bc43800 Uncommon trap: reason=unstable_if action=reinterpret pc=0x0000000003a4f4a4 method=java.io.WinNTFileSystem.prefixLength(Ljava/lang/String;)I @ 42
Event: 4584.139 Thread 0x000000001bc48000 Uncommon trap: reason=unstable_if action=reinterpret pc=0x0000000005059424 method=sun.java2d.marlin.MarlinCache.copyAARowRLE_WithBlockFlags([I[IIII)V @ 323
Event: 4584.353 Thread 0x0000000017342800 Uncommon trap: reason=predicate action=maybe_recompile pc=0x0000000004fdba14 method=java.util.ComparableTimSort.binarySort([Ljava/lang/Object;III)V @ 37

Classes redefined (0 events):
No events

Internal exceptions (10 events):
Event: 4583.481 Thread 0x000000001a4b4000 Exception <a 'java/lang/NoSuchMethodError': <clinit>> (0x00000000e07c6c78) thrown at [D:\src\AOSP-openjdk-cygwin\jdk8u\hotspot\src\share\vm\prims\jni.cpp, line 1614]
Event: 4583.481 Thread 0x000000001a4b4000 Exception <a 'java/lang/NoSuchMethodError': <clinit>> (0x00000000e07cb890) thrown at [D:\src\AOSP-openjdk-cygwin\jdk8u\hotspot\src\share\vm\prims\jni.cpp, line 1614]
Event: 4583.481 Thread 0x000000001a4b4000 Exception <a 'java/lang/NoSuchMethodError': <clinit>> (0x00000000e07ced28) thrown at [D:\src\AOSP-openjdk-cygwin\jdk8u\hotspot\src\share\vm\prims\jni.cpp, line 1614]
Event: 4583.482 Thread 0x000000001a4b4000 Exception <a 'java/lang/NoSuchMethodError': <clinit>> (0x00000000e07e6170) thrown at [D:\src\AOSP-openjdk-cygwin\jdk8u\hotspot\src\share\vm\prims\jni.cpp, line 1614]
Event: 4583.483 Thread 0x000000001a4b4000 Exception <a 'java/lang/NoSuchMethodError': <clinit>> (0x00000000e07fbe40) thrown at [D:\src\AOSP-openjdk-cygwin\jdk8u\hotspot\src\share\vm\prims\jni.cpp, line 1614]
Event: 4583.485 Thread 0x000000001a4b4000 Exception <a 'java/lang/NoSuchMethodError': <clinit>> (0x00000000e081b7c0) thrown at [D:\src\AOSP-openjdk-cygwin\jdk8u\hotspot\src\share\vm\prims\jni.cpp, line 1614]
Event: 4583.486 Thread 0x000000001a4b4000 Exception <a 'java/lang/NoSuchMethodError': <clinit>> (0x00000000e082ec80) thrown at [D:\src\AOSP-openjdk-cygwin\jdk8u\hotspot\src\share\vm\prims\jni.cpp, line 1614]
Event: 4583.811 Thread 0x000000001bc43800 Exception <a 'java/io/FileNotFoundException'> (0x00000000e1596640) thrown at [D:\src\AOSP-openjdk-cygwin\jdk8u\hotspot\src\share\vm\prims\jni.cpp, line 710]
Event: 4583.831 Thread 0x000000001a4b4000 Implicit null exception at 0x0000000003c10baf to 0x0000000003c111c5
Event: 4583.980 Thread 0x000000001bc43800 Exception <a 'java/io/FileNotFoundException'> (0x00000000e1e52db8) thrown at [D:\src\AOSP-openjdk-cygwin\jdk8u\hotspot\src\share\vm\prims\jni.cpp, line 710]

Events (10 events):
Event: 4584.386 Thread 0x000000001bc43800 DEOPT PACKING pc=0x00000000035d221f sp=0x000000002b6fe2e0
Event: 4584.386 Thread 0x000000001bc43800 DEOPT UNPACKING pc=0x00000000026175d0 sp=0x000000002b6fdfd0 mode 0
Event: 4584.387 Thread 0x000000001bc43800 DEOPT PACKING pc=0x00000000035d221f sp=0x000000002b6fe2e0
Event: 4584.387 Thread 0x000000001bc43800 DEOPT UNPACKING pc=0x00000000026175d0 sp=0x000000002b6fdfd0 mode 0
Event: 4584.388 Thread 0x000000001bc43800 DEOPT PACKING pc=0x00000000035d221f sp=0x000000002b6fe2e0
Event: 4584.388 Thread 0x000000001bc43800 DEOPT UNPACKING pc=0x00000000026175d0 sp=0x000000002b6fdfd0 mode 0
Event: 4584.389 Thread 0x000000001bc43800 DEOPT PACKING pc=0x00000000035d221f sp=0x000000002b6fe2e0
Event: 4584.389 Thread 0x000000001bc43800 DEOPT UNPACKING pc=0x00000000026175d0 sp=0x000000002b6fdfd0 mode 0
Event: 4584.389 Thread 0x000000001bc43800 DEOPT PACKING pc=0x00000000035d221f sp=0x000000002b6fe2e0
Event: 4584.390 Thread 0x000000001bc43800 DEOPT UNPACKING pc=0x00000000026175d0 sp=0x000000002b6fdfd0 mode 0


Dynamic libraries:
0x00007ff7bbc20000 - 0x00007ff7bbc51000 	F:\Android Studio\jre\bin\java.exe
0x00007ff9a0b10000 - 0x00007ff9a0cd1000 	C:\Windows\SYSTEM32\ntdll.dll
0x00007ff9a0500000 - 0x00007ff9a05ad000 	C:\Windows\system32\KERNEL32.DLL
0x00007ff99d880000 - 0x00007ff99da68000 	C:\Windows\system32\KERNELBASE.dll
0x00007ff9a0700000 - 0x00007ff9a07a7000 	C:\Windows\system32\ADVAPI32.dll
0x00007ff99dfc0000 - 0x00007ff99e05d000 	C:\Windows\system32\msvcrt.dll
0x00007ff9a0a90000 - 0x00007ff9a0aeb000 	C:\Windows\system32\sechost.dll
0x00007ff9a0930000 - 0x00007ff9a0a4c000 	C:\Windows\system32\RPCRT4.dll
0x00007ff9a03a0000 - 0x00007ff9a04f6000 	C:\Windows\system32\USER32.dll
0x00007ff99fc30000 - 0x00007ff99fdb6000 	C:\Windows\system32\GDI32.dll
0x00007ff992f50000 - 0x00007ff9931c4000 	C:\Windows\WinSxS\amd64_microsoft.windows.common-controls_6595b64144ccf1df_6.0.10586.0_none_8c15ae12515e1c22\COMCTL32.dll
0x00007ff99f780000 - 0x00007ff99f9fd000 	C:\Windows\system32\combase.dll
0x00007ff99dc70000 - 0x00007ff99dcda000 	C:\Windows\system32\bcryptPrimitives.dll
0x00007ff9a0a50000 - 0x00007ff9a0a8b000 	C:\Windows\system32\IMM32.DLL
0x000000006c530000 - 0x000000006c602000 	F:\Android Studio\jre\jre\bin\msvcr100.dll
0x000000006cf70000 - 0x000000006d7b6000 	F:\Android Studio\jre\jre\bin\server\jvm.dll
0x00007ff99cf70000 - 0x00007ff99cf93000 	C:\Windows\system32\WINMM.dll
0x00007ff99cf00000 - 0x00007ff99cf2c000 	C:\Windows\system32\WINMMBASE.dll
0x00007ff99da70000 - 0x00007ff99dab3000 	C:\Windows\system32\cfgmgr32.dll
0x00007ff9a0b00000 - 0x00007ff9a0b08000 	C:\Windows\system32\PSAPI.DLL
0x00007ff991af0000 - 0x00007ff991af9000 	C:\Windows\SYSTEM32\WSOCK32.dll
0x00007ff99ca20000 - 0x00007ff99ca2a000 	C:\Windows\SYSTEM32\VERSION.dll
0x00007ff99fbc0000 - 0x00007ff99fc2b000 	C:\Windows\system32\WS2_32.dll
0x00007ff995450000 - 0x00007ff99545f000 	F:\Android Studio\jre\jre\bin\verify.dll
0x00007ff98c850000 - 0x00007ff98c879000 	F:\Android Studio\jre\jre\bin\java.dll
0x00007ff9951e0000 - 0x00007ff9951f6000 	F:\Android Studio\jre\jre\bin\zip.dll
0x00007ff99e220000 - 0x00007ff99f77c000 	C:\Windows\system32\SHELL32.dll
0x00007ff99cfa0000 - 0x00007ff99d5e5000 	C:\Windows\system32\windows.storage.dll
0x00007ff9a07b0000 - 0x00007ff9a0802000 	C:\Windows\system32\shlwapi.dll
0x00007ff99cf50000 - 0x00007ff99cf5f000 	C:\Windows\system32\kernel.appcore.dll
0x00007ff99db20000 - 0x00007ff99dbd5000 	C:\Windows\system32\shcore.dll
0x00007ff99dd00000 - 0x00007ff99dd4b000 	C:\Windows\system32\powrprof.dll
0x00007ff99cf30000 - 0x00007ff99cf44000 	C:\Windows\system32\profapi.dll
0x00007ff98ffe0000 - 0x00007ff98fffa000 	F:\Android Studio\jre\jre\bin\net.dll
0x00007ff99c740000 - 0x00007ff99c79c000 	C:\Windows\system32\mswsock.dll
0x00007ff98c020000 - 0x00007ff98c031000 	F:\Android Studio\jre\jre\bin\nio.dll
0x00007ff9887d0000 - 0x00007ff9887f6000 	C:\Users\Administrator\.gradle\native\29\windows-amd64\native-platform.dll
0x00007ff995120000 - 0x00007ff99512d000 	F:\Android Studio\jre\jre\bin\management.dll
0x00007ff99c7f0000 - 0x00007ff99c807000 	C:\Windows\SYSTEM32\CRYPTSP.dll
0x00007ff99c480000 - 0x00007ff99c4b4000 	C:\Windows\system32\rsaenh.dll
0x00007ff99ce30000 - 0x00007ff99ce59000 	C:\Windows\SYSTEM32\bcrypt.dll
0x00007ff99c5d0000 - 0x00007ff99c5ef000 	C:\Windows\SYSTEM32\USERENV.dll
0x00007ff99c910000 - 0x00007ff99c91b000 	C:\Windows\SYSTEM32\CRYPTBASE.dll
0x00007ff997940000 - 0x00007ff997978000 	C:\Windows\SYSTEM32\IPHLPAPI.DLL
0x00007ff9a0af0000 - 0x00007ff9a0af8000 	C:\Windows\system32\NSI.dll
0x00007ff996760000 - 0x00007ff996776000 	C:\Windows\SYSTEM32\dhcpcsvc6.DLL
0x00007ff9968d0000 - 0x00007ff9968ea000 	C:\Windows\SYSTEM32\dhcpcsvc.DLL
0x00007ff98b630000 - 0x00007ff98b64e000 	C:\Users\Administrator\AppData\Local\Temp\native-platform6589580199071363211dir\native-platform.dll
0x00007ff979b50000 - 0x00007ff979cec000 	F:\Android Studio\jre\jre\bin\awt.dll
0x00007ff9a0630000 - 0x00007ff9a06f1000 	C:\Windows\system32\OLEAUT32.dll
0x00007ff99a770000 - 0x00007ff99a792000 	C:\Windows\SYSTEM32\dwmapi.dll
0x00007ff996f30000 - 0x00007ff997475000 	C:\Windows\SYSTEM32\d2d1.dll
0x00007ff99b750000 - 0x00007ff99b7c9000 	C:\Windows\system32\apphelp.dll
0x00007ff99b8d0000 - 0x00007ff99b966000 	C:\Windows\system32\uxtheme.dll

VM Arguments:
jvm_args: -Xmx1536m -Dfile.encoding=GBK -Duser.country=CN -Duser.language=zh -Duser.variant 
java_command: org.gradle.launcher.daemon.bootstrap.GradleDaemon 5.4.1
java_class_path (initial): C:\Users\Administrator\.gradle\wrapper\dists\gradle-5.4.1-all\3221gyojl5jsh0helicew7rwx\gradle-5.4.1\lib\gradle-launcher-5.4.1.jar
Launcher Type: SUN_STANDARD

Environment Variables:
JAVA_HOME=F:\java\jdk
CLASSPATH=.;F:\java\jdk\lib;F:\java\jdk\lib\tools.jar
PATH=F:\oracle\product\11.2.0\dbhome_1\bin;C:\Program Files (x86)\Common Files\Intel\Shared Files\cpp\bin\Intel64;C:\Program Files (x86)\AMD APP\bin\x86_64;C:\Program Files (x86)\AMD APP\bin\x86;C:\Windows\system32;C:\Windows;C:\Windows\System32\Wbem;C:\Windows\System32\WindowsPowerShell\v1.0\;C:\Program Files (x86)\ATI Technologies\ATI.ACE\Core-Static;F:\nodejs\;c:\Program Files (x86)\QuickTime\QTSystem\;F:\java\jdk\bin;F:\java\jdk\jre\bin;F:\Android Sdk\platform-tools;F:\Android Sdk\tools;F:\flutter-sdk\bin;F:\dart-sdk\bin;F:\Redis\;F:\Python\Scripts\;F:\Python\;C:\Users\Administrator\AppData\Roaming\npm;f:\PyCharm\bin;;F:\WebStorm\bin;;F:\IntelliJ IDEA\bin;;F:\Microsoft VS Code\bin;F:\Fiddler
USERNAME=Administrator
OS=Windows_NT
PROCESSOR_IDENTIFIER=Intel64 Family 6 Model 58 Stepping 9, GenuineIntel



---------------  S Y S T E M  ---------------

OS: Windows 10.0 , 64 bit Build 10586 (10.0.10586.0)

CPU:total 4 (initial active 4) (2 cores per cpu, 2 threads per core) family 6 model 58 stepping 9, cmov, cx8, fxsr, mmx, sse, sse2, sse3, ssse3, sse4.1, sse4.2, popcnt, avx, aes, clmul, erms, ht, tsc, tscinvbit, tscinv

Memory: 4k page, physical 16675680k(4363436k free), swap 27161564k(2708k free)

vm_info: OpenJDK 64-Bit Server VM (25.202-b03) for windows-amd64 JRE (1.8.0_202-release-1483-b03), built by "builder" with MS VC++ 10.0 (VS2010)

time: Sun Feb 07 22:53:50 2021
timezone: 中国标准时间
elapsed time: 4584 seconds (0d 1h 16m 24s)

